## Footprint report - date 2024-09-10T22:06:11-0400
## Created by KiCad version 8.0.4
## Unit = mm, Angle = deg.

$BeginDESCRIPTION

$BOARD
upper_left_corner 75.000000 45.000000
lower_right_corner 215.000000 110.000000
$EndBOARD

$MODULE H1
footprint MountingHole:MountingHole_3.2mm_M3_DIN965_Pad_TopBottom
attribut virtual
position 86.500000 66.000000  orientation 0.00
layer front
$PAD "1"
Shape Circle Layer both
position  0.000000  0.000000  size  3.600000  3.600000  orientation 0.00
drill  3.200000
shape_offset  0.000000  0.000000
$EndPAD
$PAD "1"
Shape Circle Layer front
position  0.000000  0.000000  size  5.600000  5.600000  orientation 0.00
drill  0.000000
shape_offset  0.000000  0.000000
$EndPAD
$PAD "1"
Shape Circle Layer back
position  0.000000  0.000000  size  5.600000  5.600000  orientation 0.00
drill  0.000000
shape_offset  0.000000  0.000000
$EndPAD
$EndMODULE  H1

$MODULE H2
footprint MountingHole:MountingHole_3.2mm_M3_DIN965_Pad_TopBottom
attribut virtual
position 205.500000 66.000000  orientation 0.00
layer front
$PAD "1"
Shape Circle Layer both
position  0.000000  0.000000  size  3.600000  3.600000  orientation 0.00
drill  3.200000
shape_offset  0.000000  0.000000
$EndPAD
$PAD "1"
Shape Circle Layer front
position  0.000000  0.000000  size  5.600000  5.600000  orientation 0.00
drill  0.000000
shape_offset  0.000000  0.000000
$EndPAD
$PAD "1"
Shape Circle Layer back
position  0.000000  0.000000  size  5.600000  5.600000  orientation 0.00
drill  0.000000
shape_offset  0.000000  0.000000
$EndPAD
$EndMODULE  H2

$MODULE H3
footprint MountingHole:MountingHole_3.2mm_M3_DIN965_Pad_TopBottom
attribut virtual
position 86.500000 101.500000  orientation 0.00
layer front
$PAD "1"
Shape Circle Layer both
position  0.000000  0.000000  size  3.600000  3.600000  orientation 0.00
drill  3.200000
shape_offset  0.000000  0.000000
$EndPAD
$PAD "1"
Shape Circle Layer front
position  0.000000  0.000000  size  5.600000  5.600000  orientation 0.00
drill  0.000000
shape_offset  0.000000  0.000000
$EndPAD
$PAD "1"
Shape Circle Layer back
position  0.000000  0.000000  size  5.600000  5.600000  orientation 0.00
drill  0.000000
shape_offset  0.000000  0.000000
$EndPAD
$EndMODULE  H3

$MODULE H4
footprint MountingHole:MountingHole_3.2mm_M3_DIN965_Pad_TopBottom
attribut virtual
position 205.500000 101.500000  orientation 0.00
layer front
$PAD "1"
Shape Circle Layer both
position  0.000000  0.000000  size  3.600000  3.600000  orientation 0.00
drill  3.200000
shape_offset  0.000000  0.000000
$EndPAD
$PAD "1"
Shape Circle Layer front
position  0.000000  0.000000  size  5.600000  5.600000  orientation 0.00
drill  0.000000
shape_offset  0.000000  0.000000
$EndPAD
$PAD "1"
Shape Circle Layer back
position  0.000000  0.000000  size  5.600000  5.600000  orientation 0.00
drill  0.000000
shape_offset  0.000000  0.000000
$EndPAD
$EndMODULE  H4

$MODULE J1
footprint Connector_PinHeader_2.54mm:PinHeader_1x01_D2.54mm_Vertical_PogoPin
attribut none
position 94.500000 103.000000  orientation 0.00
layer front
$PAD "1"
Shape Circle Layer both
position  0.000000  0.000000  size  3.250000  3.250000  orientation 0.00
drill  2.490000
shape_offset  0.000000  0.000000
$EndPAD
$EndMODULE  J1

$MODULE J2
footprint Connector_PinHeader_2.54mm:PinHeader_1x01_D2.54mm_Vertical_PogoPin
attribut none
position 104.500000 103.000000  orientation 0.00
layer front
$PAD "1"
Shape Circle Layer both
position  0.000000  0.000000  size  3.250000  3.250000  orientation 0.00
drill  2.490000
shape_offset  0.000000  0.000000
$EndPAD
$EndMODULE  J2

$MODULE J3
footprint Connector_PinHeader_2.54mm:PinHeader_1x01_D2.54mm_Vertical_PogoPin
attribut none
position 112.000000 103.000000  orientation 0.00
layer front
$PAD "1"
Shape Circle Layer both
position  0.000000  0.000000  size  3.250000  3.250000  orientation 0.00
drill  2.490000
shape_offset  0.000000  0.000000
$EndPAD
$EndMODULE  J3

$MODULE J4
footprint Connector_PinHeader_2.54mm:PinHeader_1x01_D2.54mm_Vertical_PogoPin
attribut none
position 122.000000 103.000000  orientation 0.00
layer front
$PAD "1"
Shape Circle Layer both
position  0.000000  0.000000  size  3.250000  3.250000  orientation 0.00
drill  2.490000
shape_offset  0.000000  0.000000
$EndPAD
$EndMODULE  J4

$MODULE J5
footprint Connector_PinHeader_2.54mm:PinHeader_1x01_D2.54mm_Vertical_PogoPin
attribut none
position 132.250000 103.000000  orientation 0.00
layer front
$PAD "1"
Shape Circle Layer both
position  0.000000  0.000000  size  3.250000  3.250000  orientation 0.00
drill  2.490000
shape_offset  0.000000  0.000000
$EndPAD
$EndMODULE  J5

$MODULE J6
footprint Connector_PinHeader_2.54mm:PinHeader_1x01_D2.54mm_Vertical_PogoPin
attribut none
position 142.250000 103.000000  orientation 0.00
layer front
$PAD "1"
Shape Circle Layer both
position  0.000000  0.000000  size  3.250000  3.250000  orientation 0.00
drill  2.490000
shape_offset  0.000000  0.000000
$EndPAD
$EndMODULE  J6

$MODULE J7
footprint Connector_PinHeader_2.54mm:PinHeader_1x01_D2.54mm_Vertical_PogoPin
attribut none
position 149.750000 103.000000  orientation 0.00
layer front
$PAD "1"
Shape Circle Layer both
position  0.000000  0.000000  size  3.250000  3.250000  orientation 0.00
drill  2.490000
shape_offset  0.000000  0.000000
$EndPAD
$EndMODULE  J7

$MODULE J8
footprint Connector_PinHeader_2.54mm:PinHeader_1x01_D2.54mm_Vertical_PogoPin
attribut none
position 159.750000 103.000000  orientation 0.00
layer front
$PAD "1"
Shape Circle Layer both
position  0.000000  0.000000  size  3.250000  3.250000  orientation 0.00
drill  2.490000
shape_offset  0.000000  0.000000
$EndPAD
$EndMODULE  J8

$MODULE J9
footprint Connector_PinHeader_2.54mm:PinHeader_1x01_D2.54mm_Vertical_PogoPin
attribut none
position 170.000000 103.000000  orientation 0.00
layer front
$PAD "1"
Shape Circle Layer both
position  0.000000  0.000000  size  3.250000  3.250000  orientation 0.00
drill  2.490000
shape_offset  0.000000  0.000000
$EndPAD
$EndMODULE  J9

$MODULE J10
footprint Connector_PinHeader_2.54mm:PinHeader_1x01_D2.54mm_Vertical_PogoPin
attribut none
position 180.000000 103.000000  orientation 0.00
layer front
$PAD "1"
Shape Circle Layer both
position  0.000000  0.000000  size  3.250000  3.250000  orientation 0.00
drill  2.490000
shape_offset  0.000000  0.000000
$EndPAD
$EndMODULE  J10

$MODULE J11
footprint Connector_PinHeader_2.54mm:PinHeader_1x01_D2.54mm_Vertical_PogoPin
attribut none
position 187.500000 103.000000  orientation 0.00
layer front
$PAD "1"
Shape Circle Layer both
position  0.000000  0.000000  size  3.250000  3.250000  orientation 0.00
drill  2.490000
shape_offset  0.000000  0.000000
$EndPAD
$EndMODULE  J11

$MODULE J12
footprint Connector_PinHeader_2.54mm:PinHeader_1x01_D2.54mm_Vertical_PogoPin
attribut none
position 197.500000 103.000000  orientation 0.00
layer front
$PAD "1"
Shape Circle Layer both
position  0.000000  0.000000  size  3.250000  3.250000  orientation 0.00
drill  2.490000
shape_offset  0.000000  0.000000
$EndPAD
$EndMODULE  J12

$MODULE J13
footprint Connector_PinHeader_2.54mm:PinHeader_1x01_D2.54mm_Vertical_PogoPin
attribut none
position 142.250000 67.500000  orientation 0.00
layer front
$PAD "1"
Shape Circle Layer both
position  0.000000  0.000000  size  3.250000  3.250000  orientation 0.00
drill  2.490000
shape_offset  0.000000  0.000000
$EndPAD
$EndMODULE  J13

$MODULE J14
footprint Connector_PinHeader_2.54mm:PinHeader_1x01_D2.54mm_Vertical_PogoPin
attribut none
position 132.250000 67.500000  orientation 0.00
layer front
$PAD "1"
Shape Circle Layer both
position  0.000000  0.000000  size  3.250000  3.250000  orientation 0.00
drill  2.490000
shape_offset  0.000000  0.000000
$EndPAD
$EndMODULE  J14

$MODULE J15
footprint Connector_PinHeader_2.54mm:PinHeader_1x01_D2.54mm_Vertical_PogoPin
attribut none
position 122.000000 67.500000  orientation 0.00
layer front
$PAD "1"
Shape Circle Layer both
position  0.000000  0.000000  size  3.250000  3.250000  orientation 0.00
drill  2.490000
shape_offset  0.000000  0.000000
$EndPAD
$EndMODULE  J15

$MODULE J16
footprint Connector_PinHeader_2.54mm:PinHeader_1x01_D2.54mm_Vertical_PogoPin
attribut none
position 112.000000 67.500000  orientation 0.00
layer front
$PAD "1"
Shape Circle Layer both
position  0.000000  0.000000  size  3.250000  3.250000  orientation 0.00
drill  2.490000
shape_offset  0.000000  0.000000
$EndPAD
$EndMODULE  J16

$MODULE J17
footprint Connector_PinHeader_2.54mm:PinHeader_1x01_D2.54mm_Vertical_PogoPin
attribut none
position 104.500000 67.500000  orientation 0.00
layer front
$PAD "1"
Shape Circle Layer both
position  0.000000  0.000000  size  3.250000  3.250000  orientation 0.00
drill  2.490000
shape_offset  0.000000  0.000000
$EndPAD
$EndMODULE  J17

$MODULE J18
footprint Connector_PinHeader_2.54mm:PinHeader_1x01_D2.54mm_Vertical_PogoPin
attribut none
position 94.500000 67.500000  orientation 0.00
layer front
$PAD "1"
Shape Circle Layer both
position  0.000000  0.000000  size  3.250000  3.250000  orientation 0.00
drill  2.490000
shape_offset  0.000000  0.000000
$EndPAD
$EndMODULE  J18

$MODULE J19
footprint Connector_PinHeader_2.54mm:PinHeader_1x01_D2.54mm_Vertical_PogoPin
attribut none
position 197.500000 67.500000  orientation 0.00
layer front
$PAD "1"
Shape Circle Layer both
position  0.000000  0.000000  size  3.250000  3.250000  orientation 0.00
drill  2.490000
shape_offset  0.000000  0.000000
$EndPAD
$EndMODULE  J19

$MODULE J20
footprint Connector_PinHeader_2.54mm:PinHeader_1x01_D2.54mm_Vertical_PogoPin
attribut none
position 187.500000 67.500000  orientation 0.00
layer front
$PAD "1"
Shape Circle Layer both
position  0.000000  0.000000  size  3.250000  3.250000  orientation 0.00
drill  2.490000
shape_offset  0.000000  0.000000
$EndPAD
$EndMODULE  J20

$MODULE J21
footprint Connector_PinHeader_2.54mm:PinHeader_1x01_D2.54mm_Vertical_PogoPin
attribut none
position 180.000000 67.500000  orientation 0.00
layer front
$PAD "1"
Shape Circle Layer both
position  0.000000  0.000000  size  3.250000  3.250000  orientation 0.00
drill  2.490000
shape_offset  0.000000  0.000000
$EndPAD
$EndMODULE  J21

$MODULE J22
footprint Connector_PinHeader_2.54mm:PinHeader_1x01_D2.54mm_Vertical_PogoPin
attribut none
position 170.000000 67.500000  orientation 0.00
layer front
$PAD "1"
Shape Circle Layer both
position  0.000000  0.000000  size  3.250000  3.250000  orientation 0.00
drill  2.490000
shape_offset  0.000000  0.000000
$EndPAD
$EndMODULE  J22

$MODULE J23
footprint Connector_PinHeader_2.54mm:PinHeader_1x01_D2.54mm_Vertical_PogoPin
attribut none
position 159.750000 67.500000  orientation 0.00
layer front
$PAD "1"
Shape Circle Layer both
position  0.000000  0.000000  size  3.250000  3.250000  orientation 0.00
drill  2.490000
shape_offset  0.000000  0.000000
$EndPAD
$EndMODULE  J23

$MODULE J24
footprint Connector_PinHeader_2.54mm:PinHeader_1x01_D2.54mm_Vertical_PogoPin
attribut none
position 149.750000 67.500000  orientation 0.00
layer front
$PAD "1"
Shape Circle Layer both
position  0.000000  0.000000  size  3.250000  3.250000  orientation 0.00
drill  2.490000
shape_offset  0.000000  0.000000
$EndPAD
$EndMODULE  J24

$MODULE J25
footprint Connector_PinSocket_2.54mm:PinSocket_2x12_P2.54mm_Vertical
attribut none
position 132.050000 58.000000  orientation -90.00
layer back
$PAD "1"
Shape Rect Layer both
position  0.000000  0.000000  size  1.700000  1.700000  orientation 360.00
drill  1.000000
shape_offset  0.000000  0.000000
$EndPAD
$PAD "2"
Shape Oval Layer both
position  0.000000 -2.540000  size  1.700000  1.700000  orientation 360.00
drill  1.000000
shape_offset  0.000000  0.000000
$EndPAD
$PAD "3"
Shape Oval Layer both
position  0.000000 -5.080000  size  1.700000  1.700000  orientation 360.00
drill  1.000000
shape_offset  0.000000  0.000000
$EndPAD
$PAD "4"
Shape Oval Layer both
position  0.000000 -7.620000  size  1.700000  1.700000  orientation 360.00
drill  1.000000
shape_offset  0.000000  0.000000
$EndPAD
$PAD "5"
Shape Oval Layer both
position  0.000000 -10.160000  size  1.700000  1.700000  orientation 360.00
drill  1.000000
shape_offset  0.000000  0.000000
$EndPAD
$PAD "6"
Shape Oval Layer both
position  0.000000 -12.700000  size  1.700000  1.700000  orientation 360.00
drill  1.000000
shape_offset  0.000000  0.000000
$EndPAD
$PAD "7"
Shape Oval Layer both
position  0.000000 -15.240000  size  1.700000  1.700000  orientation 360.00
drill  1.000000
shape_offset  0.000000  0.000000
$EndPAD
$PAD "8"
Shape Oval Layer both
position  0.000000 -17.780000  size  1.700000  1.700000  orientation 360.00
drill  1.000000
shape_offset  0.000000  0.000000
$EndPAD
$PAD "9"
Shape Oval Layer both
position  0.000000 -20.320000  size  1.700000  1.700000  orientation 360.00
drill  1.000000
shape_offset  0.000000  0.000000
$EndPAD
$PAD "10"
Shape Oval Layer both
position  0.000000 -22.860000  size  1.700000  1.700000  orientation 360.00
drill  1.000000
shape_offset  0.000000  0.000000
$EndPAD
$PAD "11"
Shape Oval Layer both
position  0.000000 -25.400000  size  1.700000  1.700000  orientation 360.00
drill  1.000000
shape_offset  0.000000  0.000000
$EndPAD
$PAD "12"
Shape Oval Layer both
position  0.000000 -27.940000  size  1.700000  1.700000  orientation 360.00
drill  1.000000
shape_offset  0.000000  0.000000
$EndPAD
$PAD "13"
Shape Oval Layer both
position -2.540000  0.000000  size  1.700000  1.700000  orientation 360.00
drill  1.000000
shape_offset  0.000000  0.000000
$EndPAD
$PAD "14"
Shape Oval Layer both
position -2.540000 -2.540000  size  1.700000  1.700000  orientation 360.00
drill  1.000000
shape_offset  0.000000  0.000000
$EndPAD
$PAD "15"
Shape Oval Layer both
position -2.540000 -5.080000  size  1.700000  1.700000  orientation 360.00
drill  1.000000
shape_offset  0.000000  0.000000
$EndPAD
$PAD "16"
Shape Oval Layer both
position -2.540000 -7.620000  size  1.700000  1.700000  orientation 360.00
drill  1.000000
shape_offset  0.000000  0.000000
$EndPAD
$PAD "17"
Shape Oval Layer both
position -2.540000 -10.160000  size  1.700000  1.700000  orientation 360.00
drill  1.000000
shape_offset  0.000000  0.000000
$EndPAD
$PAD "18"
Shape Oval Layer both
position -2.540000 -12.700000  size  1.700000  1.700000  orientation 360.00
drill  1.000000
shape_offset  0.000000  0.000000
$EndPAD
$PAD "19"
Shape Oval Layer both
position -2.540000 -15.240000  size  1.700000  1.700000  orientation 360.00
drill  1.000000
shape_offset  0.000000  0.000000
$EndPAD
$PAD "20"
Shape Oval Layer both
position -2.540000 -17.780000  size  1.700000  1.700000  orientation 360.00
drill  1.000000
shape_offset  0.000000  0.000000
$EndPAD
$PAD "21"
Shape Oval Layer both
position -2.540000 -20.320000  size  1.700000  1.700000  orientation 360.00
drill  1.000000
shape_offset  0.000000  0.000000
$EndPAD
$PAD "22"
Shape Oval Layer both
position -2.540000 -22.860000  size  1.700000  1.700000  orientation 360.00
drill  1.000000
shape_offset  0.000000  0.000000
$EndPAD
$PAD "23"
Shape Oval Layer both
position -2.540000 -25.400000  size  1.700000  1.700000  orientation 360.00
drill  1.000000
shape_offset  0.000000  0.000000
$EndPAD
$PAD "24"
Shape Oval Layer both
position -2.540000 -27.940000  size  1.700000  1.700000  orientation 360.00
drill  1.000000
shape_offset  0.000000  0.000000
$EndPAD
$EndMODULE  J25

$EndDESCRIPTION
